<?xml version="1.0" encoding="UTF-8"?>
<!-- Generated by org.testng.reporters.JUnitReportReporter -->
<testsuite hostname="Lenovo-PC" name="driver.loginTest" tests="1" failures="0" timestamp="29 Nov 2018 08:10:42 GMT" time="10.469" errors="0">
  <testcase name="errorLogin" time="10.469" classname="driver.loginTest"/>
</testsuite> <!-- driver.loginTest -->
