<?xml version="1.0" encoding="UTF-8"?>
<!-- Generated by org.testng.reporters.JUnitReportReporter -->
<testsuite hostname="Lenovo-PC" name="driver.dataProvider2" tests="2" failures="0" timestamp="30 Nov 2018 08:08:51 GMT" time="0.030" errors="0">
  <testcase name="test3" time="0.011" classname="driver.dataProvider2"/>
  <testcase name="test2" time="0.019" classname="driver.dataProvider2"/>
</testsuite> <!-- driver.dataProvider2 -->
