<?xml version="1.0" encoding="UTF-8"?>
<!-- Generated by org.testng.reporters.JUnitReportReporter -->
<testsuite hostname="Lenovo-PC" name="driver.dataProvider2" tests="2" failures="0" timestamp="3 Dec 2018 02:44:14 GMT" time="0.034" errors="0">
  <testcase name="test2" time="0.017" classname="driver.dataProvider2"/>
  <testcase name="test3" time="0.017" classname="driver.dataProvider2"/>
</testsuite> <!-- driver.dataProvider2 -->
