<?xml version="1.0" encoding="UTF-8"?>
<!-- Generated by org.testng.reporters.JUnitReportReporter -->
<testsuite hostname="Lenovo-PC" name="driver.dataProvider" tests="1" failures="0" timestamp="30 Nov 2018 08:06:27 GMT" time="0.018" errors="0">
  <testcase name="test3" time="0.018" classname="driver.dataProvider"/>
</testsuite> <!-- driver.dataProvider -->
