<?xml version="1.0" encoding="UTF-8"?>
<!-- Generated by org.testng.reporters.JUnitReportReporter -->
<testsuite hostname="Lenovo-PC" name="driver.mailTest2" tests="1" failures="0" timestamp="29 Nov 2018 07:46:46 GMT" time="14.626" errors="0">
  <testcase name="registerTest" time="14.626" classname="driver.mailTest2"/>
</testsuite> <!-- driver.mailTest2 -->
