<?xml version="1.0" encoding="UTF-8"?>
<!-- Generated by org.testng.reporters.JUnitReportReporter -->
<testsuite hostname="Lenovo-PC" name="driver.SelenlumDriver" tests="1" failures="0" timestamp="27 Nov 2018 07:40:29 GMT" time="7.800" errors="0">
  <testcase name="gotoBaidu2" time="7.800" classname="driver.SelenlumDriver"/>
</testsuite> <!-- driver.SelenlumDriver -->
